This is pdfTeX, Version 3.1415926-1.40.10 (TeX Live 2009) (format=pdflatex 2010.6.2)  18 NOV 2010 22:27
entering extended mode
 %&-line parsing enabled.
**\input main.tex
(./main.tex (/usr/local/texlive/2009/texmf-dist/tex/latex/memoir/memoir.cls
Document Class: memoir 2010/04/19 v3.6 configurable book, report, article docum
ent class
\onelineskip=\skip41
\lxvchars=\skip42
\xlvchars=\skip43
\@memcnta=\count79
\c@@memmarkcntra=\count80
(/usr/local/texlive/2009/texmf-dist/tex/generic/oberdiek/ifpdf.sty
Package: ifpdf 2010/01/28 v2.1 Provides the ifpdf switch (HO)
Package ifpdf Info: pdfTeX in pdf mode detected.
)
Class memoir Info: An `ifetex' package is being emulated on input line 251.

(/usr/local/texlive/2009/texmf-dist/tex/generic/ifxetex/ifxetex.sty
Package: ifxetex 2009/01/23 v0.5 Provides ifxetex conditional
)
(/usr/local/texlive/2009/texmf-dist/tex/generic/oberdiek/ifluatex.sty
Package: ifluatex 2010/03/01 v1.3 Provides the ifluatex switch (HO)
Package ifluatex Info: LuaTeX not detected.
)
\stockheight=\skip44
\stockwidth=\skip45
\trimtop=\skip46
\trimedge=\skip47

(/usr/local/texlive/2009/texmf-dist/tex/latex/etex-pkg/etex.sty
Package: etex 1998/03/26 v2.0 eTeX basic definition package (PEB)
\et@xins=\count81
)
(/usr/local/texlive/2009/texmf-dist/tex/latex/memoir/mem12.clo
File: mem12.clo 2008/01/30 v0.4 memoir class 12pt size option
)
\binding=\skip48
\spinemargin=\skip49
\foremargin=\skip50
\uppermargin=\skip51
\lowermargin=\skip52
\headdrop=\skip53
\normalrulethickness=\skip54
\headwidth=\skip55
\c@storedpagenumber=\count82
\memPD=\dimen102
\m@mabparskip=\skip56
\thanksmarkwidth=\skip57
\thanksmarksep=\skip58
\droptitle=\skip59
\c@book=\count83
\c@part=\count84
\c@chapter=\count85
\c@section=\count86
\c@subsection=\count87
\c@subsubsection=\count88
\c@paragraph=\count89
\c@subparagraph=\count90
\beforechapskip=\skip60
\midchapskip=\skip61
\afterchapskip=\skip62
\chapindent=\skip63
\bottomsectionskip=\skip64
\secindent=\skip65
\beforesecskip=\skip66
\aftersecskip=\skip67
\subsecindent=\skip68
\beforesubsecskip=\skip69
\aftersubsecskip=\skip70
\subsubsecindent=\skip71
\beforesubsubsecskip=\skip72
\aftersubsubsecskip=\skip73
\paraindent=\skip74
\beforeparaskip=\skip75
\afterparaskip=\skip76
\subparaindent=\skip77
\beforesubparaskip=\skip78
\aftersubparaskip=\skip79
\pfbreakskip=\skip80
\c@@ppsavesec=\count91
\c@@ppsaveapp=\count92
\ragrparindent=\dimen103
\everylistparindent=\dimen104
\parsepi=\skip81
\topsepi=\skip82
\itemsepi=\skip83
\parsepii=\skip84
\topsepii=\skip85
\topsepiii=\skip86
\itemsepii=\skip87
\itemsepiii=\skip88
\partopsepii=\skip89
\partopsepiii=\skip90
\m@msavetopsep=\skip91
\m@msavepartopsep=\skip92
\@enLab=\toks14
\abstitleskip=\skip93
\absleftindent=\skip94
\abs@leftindent=\dimen105
\absrightindent=\skip95
\absparindent=\skip96
\absparsep=\skip97
\c@vslineno=\count93
\c@poemline=\count94
\c@modulo@vs=\count95
\c@memfvsline=\count96
\vleftskip=\skip98
\vrightskip=\skip99
\stanzaskip=\skip100
\versewidth=\skip101
\vgap=\skip102
\vindent=\skip103
\vleftmargin=\dimen106
\c@verse=\count97
\c@chrsinstr=\count98
\beforepoemtitleskip=\skip104
\afterpoemtitleskip=\skip105
\c@poem=\count99
\beforePoemTitleskip=\skip106
\midPoemTitleskip=\skip107
\afterPoemTitleskip=\skip108
\col@sep=\dimen107
\extrarowheight=\dimen108
\NC@list=\toks15
\extratabsurround=\skip109
\backup@length=\skip110
\TX@col@width=\dimen109
\TX@old@table=\dimen110
\TX@old@col=\dimen111
\TX@target=\dimen112
\TX@delta=\dimen113
\TX@cols=\count100
\TX@ftn=\toks16
\heavyrulewidth=\dimen114
\lightrulewidth=\dimen115
\cmidrulewidth=\dimen116
\belowrulesep=\dimen117
\belowbottomsep=\dimen118
\aboverulesep=\dimen119
\abovetopsep=\dimen120
\cmidrulesep=\dimen121
\cmidrulekern=\dimen122
\defaultaddspace=\dimen123
\@cmidla=\count101
\@cmidlb=\count102
\@aboverulesep=\dimen124
\@belowrulesep=\dimen125
\@thisruleclass=\count103
\@lastruleclass=\count104
\@thisrulewidth=\dimen126
\ctableftskip=\skip111
\ctabrightskip=\skip112
\abovecolumnspenalty=\count105
\@linestogo=\count106
\@cellstogo=\count107
\@cellsincolumn=\count108
\crtok=\toks17
\@mincolumnwidth=\dimen127
\c@newflo@tctr=\count109
\@contcwidth=\skip113
\@contindw=\skip114
\abovecaptionskip=\skip115
\belowcaptionskip=\skip116
\subfloattopskip=\skip117
\subfloatcapskip=\skip118
\subfloatcaptopadj=\skip119
\subfloatbottomskip=\skip120
\subfloatlabelskip=\skip121
\subfloatcapmargin=\dimen128
\c@@contsubnum=\count110
\m@mscap@capbox=\box26
\m@mscap@fbox=\box27
\sidecapsep=\dimen129
\sidecapwidth=\dimen130
\m@m@tempdima=\dimen131
\m@mscapraise=\dimen132
\sidecapraise=\dimen133
\m@mscapmainwidth=\dimen134
\m@mscaplkern=\dimen135
\beforeepigraphskip=\skip122
\afterepigraphskip=\skip123
\epigraphwidth=\skip124
\epigraphrule=\skip125
LaTeX Info: Redefining \em on input line 7046.
LaTeX Info: Redefining \emph on input line 7054.
\tocentryskip=\skip126
\tocbaseline=\skip127
\cftparskip=\skip128
\cftbeforebookskip=\skip129
\cftbookindent=\dimen136
\cftbooknumwidth=\dimen137
\cftbeforepartskip=\skip130
\cftpartindent=\skip131
\cftpartnumwidth=\skip132
\cftbeforechapterskip=\skip133
\cftchapterindent=\skip134
\cftchapternumwidth=\skip135
\cftbeforesectionskip=\skip136
\cftsectionindent=\skip137
\cftsectionnumwidth=\skip138
\cftbeforesubsectionskip=\skip139
\cftsubsectionindent=\skip140
\cftsubsectionnumwidth=\skip141
\cftbeforesubsubsectionskip=\skip142
\cftsubsubsectionindent=\skip143
\cftsubsubsectionnumwidth=\skip144
\cftbeforeparagraphskip=\skip145
\cftparagraphindent=\skip146
\cftparagraphnumwidth=\skip147
\cftbeforesubparagraphskip=\skip148
\cftsubparagraphindent=\skip149
\cftsubparagraphnumwidth=\skip150
\prechapterprecisshift=\dimen138
\c@maxsecnumdepth=\count111
\bibindent=\dimen139
\bibitemsep=\skip151
\indexcolsep=\skip152
\indexrule=\skip153
\indexmarkstyle=\toks18
\@indexbox=\insert233
\glossarycolsep=\dimen140
\glossaryrule=\dimen141
\sideparvshift=\skip154
\sideins=\insert232
\sidebartopsep=\skip155
\sidebarhsep=\skip156
\sidebarvsep=\skip157
\sidebarwidth=\skip158
\footmarkwidth=\skip159
\footmarksep=\skip160
\footparindent=\skip161
\footinsdim=\skip162
\footinsv@r=\insert231
\@mpfootinsv@r=\insert230
\m@m@k=\count112
\m@m@h=\dimen142
\m@mipn@skip=\skip163
\sidefootins=\insert229
\sidefootadjust=\skip164
\sidefootheight=\skip165
\sidefoothsep=\skip166
\sidefootvsep=\skip167
\sidefootwidth=\skip168
\m@mdownsf=\skip169
\c@sidefootnote=\count113
\sidefootmarkwidth=\skip170
\sidefootmarksep=\skip171
\sidefootparindent=\skip172
\c@pagenote=\count114
\every@verbatim=\toks19
\afterevery@verbatim=\toks20
\verbatim@line=\toks21
\tab@position=\count115
\verbatim@in@stream=\read1
\verbatimindent=\skip173
\verbatim@out=\write3
\bvboxsep=\skip174
\c@memfbvline=\count116
\c@bvlinectr=\count117
\bvnumlength=\skip175
\fb@frw=\dimen143
\fb@frh=\dimen144
\FrameRule=\dimen145
\FrameSep=\dimen146
\c@cp@cntr=\count118
LaTeX Info: Redefining \: on input line 11389.
LaTeX Info: Redefining \! on input line 11391.
\c@ism@mctr=\count119
\c@xsm@mctr=\count120
\c@csm@mctr=\count121
\c@ksm@mctr=\count122
\c@xksm@mctr=\count123
\c@cksm@mctr=\count124
\c@msm@mctr=\count125
\c@xmsm@mctr=\count126
\c@cmsm@mctr=\count127
\c@bsm@mctr=\count128
\c@workm@mctr=\count129
\c@sheetsequence=\count130
\c@lastsheet=\count131
\c@lastpage=\count132
\c@figure=\count133
\c@lofdepth=\count134
\cftbeforefigureskip=\skip176
\cftfigureindent=\skip177
\cftfigurenumwidth=\skip178
\c@table=\count135
\c@lotdepth=\count136
\cftbeforetableskip=\skip179
\cfttableindent=\skip180
\cfttablenumwidth=\skip181
Package abstract [2008/07/23] emulated by memoir.
Package appendix [2008/07/23] emulated by memoir.
Package array [2008/07/23] emulated by memoir.
Package booktabs [2008/07/23] emulated by memoir.
Package ccaption [2008/07/23] emulated by memoir.
Package changepage [2008/07/23] emulated by memoir.
Package chngcntr [2008/07/23] emulated by memoir.
Package chngpage [2008/07/23] emulated by memoir.
Package crop emulated by memoir.
Package dcolumn [2008/07/23] emulated by memoir.
Package delarray [2008/07/23] emulated by memoir.
Package enumerate [2008/07/23] emulated by memoir.
Package epigraph [2008/07/23] emulated by memoir.
Package ifmtarg [2008/07/23] emulated by memoir.
Package ifetex [2008/07/23] emulated by memoir.
Package index [2008/07/23] emulated by memoir.
Package makeidx [2008/07/23] emulated by memoir.
Package moreverb [2008/07/23] emulated by memoir.
Package mparhack [2008/07/23] emulated by memoir.
Package needspace [2008/07/23] emulated by memoir.
Package newfile [2008/07/23] emulated by memoir.
Package nextpage [2008/07/23] emulated by memoir.
Package pagenote [2008/07/23] emulated by memoir.
Package parskip [2008/07/23] emulated by memoir.
Package patchcmd [2008/07/23] emulated by memoir.
Package setspace [2008/07/23] emulated by memoir.
Package shortvrb [2008/07/23] emulated by memoir.
Package showidx [2008/07/23] emulated by memoir.
Package tabularx [2008/07/23] emulated by memoir.
Package titleref [2008/07/23] emulated by memoir.
Package titling [2008/07/23] emulated by memoir.
Package tocbibind [2008/07/23] emulated by memoir.
Package tocloft [2008/07/23] emulated by memoir.
Package tocvsec2 [2008/07/23] emulated by memoir.
Package verbatim [2008/07/23] emulated by memoir.
Package verse [2008/07/23] emulated by memoir.

(/usr/local/texlive/2009/texmf-dist/tex/latex/memoir/mempatch.sty
Package: mempatch 2009/07/24 v6.0f Patches for memoir class v1.6180339
))
(/usr/local/texlive/2009/texmf-dist/tex/latex/a4wide/a4wide.sty
Package: a4wide 1994/08/30

(/usr/local/texlive/2009/texmf-dist/tex/latex/ntgclass/a4.sty
Package: a4 2004/04/15 v1.2g A4 based page layout
))
(/usr/local/texlive/2009/texmf-dist/tex/generic/babel/babel.sty
Package: babel 2008/07/06 v3.8l The Babel package

(/usr/local/texlive/2009/texmf-dist/tex/generic/babel/frenchb.ldf
Language: frenchb 2009/03/16 v2.3d French support from the babel system

(/usr/local/texlive/2009/texmf-dist/tex/generic/babel/babel.def
File: babel.def 2008/07/06 v3.8l Babel common definitions
\babel@savecnt=\count137
\U@D=\dimen147
)
Package babel Info: Making : an active character on input line 120.
Package babel Info: Making ; an active character on input line 121.
Package babel Info: Making ! an active character on input line 122.
Package babel Info: Making ? an active character on input line 123.
\FB@Mht=\dimen148
\std@mcc=\count138
\dec@mcc=\count139
\parindentFFN=\dimen149

*************************************
* Local config file frenchb.cfg used
*
(/usr/local/texlive/2009/texmf-dist/tex/generic/babel/frenchb.cfg)))
(/usr/local/texlive/2009/texmf-dist/tex/latex/carlisle/scalefnt.sty)
(/usr/local/texlive/2009/texmf-dist/tex/latex/graphics/keyval.sty
Package: keyval 1999/03/16 v1.13 key=value parser (DPC)
\KV@toks@=\toks22
)
(/usr/local/texlive/2009/texmf-dist/tex/latex/base/inputenc.sty
Package: inputenc 2008/03/30 v1.1d Input encoding file
\inpenc@prehook=\toks23
\inpenc@posthook=\toks24

(/usr/local/texlive/2009/texmf-dist/tex/latex/base/utf8.def
File: utf8.def 2008/04/05 v1.1m UTF-8 support for inputenc
Now handling font encoding OML ...
... no UTF-8 mapping file for font encoding OML
Now handling font encoding T1 ...
... processing UTF-8 mapping file for font encoding T1

(/usr/local/texlive/2009/texmf-dist/tex/latex/base/t1enc.dfu
File: t1enc.dfu 2008/04/05 v1.1m UTF-8 support for inputenc
   defining Unicode char U+00A1 (decimal 161)
   defining Unicode char U+00A3 (decimal 163)
   defining Unicode char U+00AB (decimal 171)
   defining Unicode char U+00BB (decimal 187)
   defining Unicode char U+00BF (decimal 191)
   defining Unicode char U+00C0 (decimal 192)
   defining Unicode char U+00C1 (decimal 193)
   defining Unicode char U+00C2 (decimal 194)
   defining Unicode char U+00C3 (decimal 195)
   defining Unicode char U+00C4 (decimal 196)
   defining Unicode char U+00C5 (decimal 197)
   defining Unicode char U+00C6 (decimal 198)
   defining Unicode char U+00C7 (decimal 199)
   defining Unicode char U+00C8 (decimal 200)
   defining Unicode char U+00C9 (decimal 201)
   defining Unicode char U+00CA (decimal 202)
   defining Unicode char U+00CB (decimal 203)
   defining Unicode char U+00CC (decimal 204)
   defining Unicode char U+00CD (decimal 205)
   defining Unicode char U+00CE (decimal 206)
   defining Unicode char U+00CF (decimal 207)
   defining Unicode char U+00D0 (decimal 208)
   defining Unicode char U+00D1 (decimal 209)
   defining Unicode char U+00D2 (decimal 210)
   defining Unicode char U+00D3 (decimal 211)
   defining Unicode char U+00D4 (decimal 212)
   defining Unicode char U+00D5 (decimal 213)
   defining Unicode char U+00D6 (decimal 214)
   defining Unicode char U+00D8 (decimal 216)
   defining Unicode char U+00D9 (decimal 217)
   defining Unicode char U+00DA (decimal 218)
   defining Unicode char U+00DB (decimal 219)
   defining Unicode char U+00DC (decimal 220)
   defining Unicode char U+00DD (decimal 221)
   defining Unicode char U+00DE (decimal 222)
   defining Unicode char U+00DF (decimal 223)
   defining Unicode char U+00E0 (decimal 224)
   defining Unicode char U+00E1 (decimal 225)
   defining Unicode char U+00E2 (decimal 226)
   defining Unicode char U+00E3 (decimal 227)
   defining Unicode char U+00E4 (decimal 228)
   defining Unicode char U+00E5 (decimal 229)
   defining Unicode char U+00E6 (decimal 230)
   defining Unicode char U+00E7 (decimal 231)
   defining Unicode char U+00E8 (decimal 232)
   defining Unicode char U+00E9 (decimal 233)
   defining Unicode char U+00EA (decimal 234)
   defining Unicode char U+00EB (decimal 235)
   defining Unicode char U+00EC (decimal 236)
   defining Unicode char U+00ED (decimal 237)
   defining Unicode char U+00EE (decimal 238)
   defining Unicode char U+00EF (decimal 239)
   defining Unicode char U+00F0 (decimal 240)
   defining Unicode char U+00F1 (decimal 241)
   defining Unicode char U+00F2 (decimal 242)
   defining Unicode char U+00F3 (decimal 243)
   defining Unicode char U+00F4 (decimal 244)
   defining Unicode char U+00F5 (decimal 245)
   defining Unicode char U+00F6 (decimal 246)
   defining Unicode char U+00F8 (decimal 248)
   defining Unicode char U+00F9 (decimal 249)
   defining Unicode char U+00FA (decimal 250)
   defining Unicode char U+00FB (decimal 251)
   defining Unicode char U+00FC (decimal 252)
   defining Unicode char U+00FD (decimal 253)
   defining Unicode char U+00FE (decimal 254)
   defining Unicode char U+00FF (decimal 255)
   defining Unicode char U+0102 (decimal 258)
   defining Unicode char U+0103 (decimal 259)
   defining Unicode char U+0104 (decimal 260)
   defining Unicode char U+0105 (decimal 261)
   defining Unicode char U+0106 (decimal 262)
   defining Unicode char U+0107 (decimal 263)
   defining Unicode char U+010C (decimal 268)
   defining Unicode char U+010D (decimal 269)
   defining Unicode char U+010E (decimal 270)
   defining Unicode char U+010F (decimal 271)
   defining Unicode char U+0110 (decimal 272)
   defining Unicode char U+0111 (decimal 273)
   defining Unicode char U+0118 (decimal 280)
   defining Unicode char U+0119 (decimal 281)
   defining Unicode char U+011A (decimal 282)
   defining Unicode char U+011B (decimal 283)
   defining Unicode char U+011E (decimal 286)
   defining Unicode char U+011F (decimal 287)
   defining Unicode char U+0130 (decimal 304)
   defining Unicode char U+0131 (decimal 305)
   defining Unicode char U+0132 (decimal 306)
   defining Unicode char U+0133 (decimal 307)
   defining Unicode char U+0139 (decimal 313)
   defining Unicode char U+013A (decimal 314)
   defining Unicode char U+013D (decimal 317)
   defining Unicode char U+013E (decimal 318)
   defining Unicode char U+0141 (decimal 321)
   defining Unicode char U+0142 (decimal 322)
   defining Unicode char U+0143 (decimal 323)
   defining Unicode char U+0144 (decimal 324)
   defining Unicode char U+0147 (decimal 327)
   defining Unicode char U+0148 (decimal 328)
   defining Unicode char U+014A (decimal 330)
   defining Unicode char U+014B (decimal 331)
   defining Unicode char U+0150 (decimal 336)
   defining Unicode char U+0151 (decimal 337)
   defining Unicode char U+0152 (decimal 338)
   defining Unicode char U+0153 (decimal 339)
   defining Unicode char U+0154 (decimal 340)
   defining Unicode char U+0155 (decimal 341)
   defining Unicode char U+0158 (decimal 344)
   defining Unicode char U+0159 (decimal 345)
   defining Unicode char U+015A (decimal 346)
   defining Unicode char U+015B (decimal 347)
   defining Unicode char U+015E (decimal 350)
   defining Unicode char U+015F (decimal 351)
   defining Unicode char U+0160 (decimal 352)
   defining Unicode char U+0161 (decimal 353)
   defining Unicode char U+0162 (decimal 354)
   defining Unicode char U+0163 (decimal 355)
   defining Unicode char U+0164 (decimal 356)
   defining Unicode char U+0165 (decimal 357)
   defining Unicode char U+016E (decimal 366)
   defining Unicode char U+016F (decimal 367)
   defining Unicode char U+0170 (decimal 368)
   defining Unicode char U+0171 (decimal 369)
   defining Unicode char U+0178 (decimal 376)
   defining Unicode char U+0179 (decimal 377)
   defining Unicode char U+017A (decimal 378)
   defining Unicode char U+017B (decimal 379)
   defining Unicode char U+017C (decimal 380)
   defining Unicode char U+017D (decimal 381)
   defining Unicode char U+017E (decimal 382)
   defining Unicode char U+200C (decimal 8204)
   defining Unicode char U+2013 (decimal 8211)
   defining Unicode char U+2014 (decimal 8212)
   defining Unicode char U+2018 (decimal 8216)
   defining Unicode char U+2019 (decimal 8217)
   defining Unicode char U+201A (decimal 8218)
   defining Unicode char U+201C (decimal 8220)
   defining Unicode char U+201D (decimal 8221)
   defining Unicode char U+201E (decimal 8222)
   defining Unicode char U+2030 (decimal 8240)
   defining Unicode char U+2031 (decimal 8241)
   defining Unicode char U+2039 (decimal 8249)
   defining Unicode char U+203A (decimal 8250)
   defining Unicode char U+2423 (decimal 9251)
)
Now handling font encoding OT1 ...
... processing UTF-8 mapping file for font encoding OT1

(/usr/local/texlive/2009/texmf-dist/tex/latex/base/ot1enc.dfu
File: ot1enc.dfu 2008/04/05 v1.1m UTF-8 support for inputenc
   defining Unicode char U+00A1 (decimal 161)
   defining Unicode char U+00A3 (decimal 163)
   defining Unicode char U+00B8 (decimal 184)
   defining Unicode char U+00BF (decimal 191)
   defining Unicode char U+00C5 (decimal 197)
   defining Unicode char U+00C6 (decimal 198)
   defining Unicode char U+00D8 (decimal 216)
   defining Unicode char U+00DF (decimal 223)
   defining Unicode char U+00E6 (decimal 230)
   defining Unicode char U+00EC (decimal 236)
   defining Unicode char U+00ED (decimal 237)
   defining Unicode char U+00EE (decimal 238)
   defining Unicode char U+00EF (decimal 239)
   defining Unicode char U+00F8 (decimal 248)
   defining Unicode char U+0131 (decimal 305)
   defining Unicode char U+0141 (decimal 321)
   defining Unicode char U+0142 (decimal 322)
   defining Unicode char U+0152 (decimal 338)
   defining Unicode char U+0153 (decimal 339)
   defining Unicode char U+2013 (decimal 8211)
   defining Unicode char U+2014 (decimal 8212)
   defining Unicode char U+2018 (decimal 8216)
   defining Unicode char U+2019 (decimal 8217)
   defining Unicode char U+201C (decimal 8220)
   defining Unicode char U+201D (decimal 8221)
)
Now handling font encoding OMS ...
... processing UTF-8 mapping file for font encoding OMS

(/usr/local/texlive/2009/texmf-dist/tex/latex/base/omsenc.dfu
File: omsenc.dfu 2008/04/05 v1.1m UTF-8 support for inputenc
   defining Unicode char U+00A7 (decimal 167)
   defining Unicode char U+00B6 (decimal 182)
   defining Unicode char U+00B7 (decimal 183)
   defining Unicode char U+2020 (decimal 8224)
   defining Unicode char U+2021 (decimal 8225)
   defining Unicode char U+2022 (decimal 8226)
)
Now handling font encoding OMX ...
... no UTF-8 mapping file for font encoding OMX
Now handling font encoding U ...
... no UTF-8 mapping file for font encoding U
   defining Unicode char U+00A9 (decimal 169)
   defining Unicode char U+00AA (decimal 170)
   defining Unicode char U+00AE (decimal 174)
   defining Unicode char U+00BA (decimal 186)
   defining Unicode char U+02C6 (decimal 710)
   defining Unicode char U+02DC (decimal 732)
   defining Unicode char U+200C (decimal 8204)
   defining Unicode char U+2026 (decimal 8230)
   defining Unicode char U+2122 (decimal 8482)
   defining Unicode char U+2423 (decimal 9251)
))
(/usr/local/texlive/2009/texmf-dist/tex/latex/amsfonts/amssymb.sty
Package: amssymb 2009/06/22 v3.00

(/usr/local/texlive/2009/texmf-dist/tex/latex/amsfonts/amsfonts.sty
Package: amsfonts 2009/06/22 v3.00 Basic AMSFonts support
\@emptytoks=\toks25
\symAMSa=\mathgroup4
\symAMSb=\mathgroup5
LaTeX Font Info:    Overwriting math alphabet `\mathfrak' in version `bold'
(Font)                  U/euf/m/n --> U/euf/b/n on input line 96.
))
(/usr/local/texlive/2009/texmf-dist/tex/latex/amsmath/amsmath.sty
Package: amsmath 2000/07/18 v2.13 AMS math features
\@mathmargin=\skip182

For additional information on amsmath, use the `?' option.
(/usr/local/texlive/2009/texmf-dist/tex/latex/amsmath/amstext.sty
Package: amstext 2000/06/29 v2.01

(/usr/local/texlive/2009/texmf-dist/tex/latex/amsmath/amsgen.sty
File: amsgen.sty 1999/11/30 v2.0
\@emptytoks=\toks26
\ex@=\dimen150
))
(/usr/local/texlive/2009/texmf-dist/tex/latex/amsmath/amsbsy.sty
Package: amsbsy 1999/11/29 v1.2d
\pmbraise@=\dimen151
)
(/usr/local/texlive/2009/texmf-dist/tex/latex/amsmath/amsopn.sty
Package: amsopn 1999/12/14 v2.01 operator names
)
\inf@bad=\count140
LaTeX Info: Redefining \frac on input line 211.
\uproot@=\count141
\leftroot@=\count142
LaTeX Info: Redefining \overline on input line 307.
\classnum@=\count143
\DOTSCASE@=\count144
LaTeX Info: Redefining \ldots on input line 379.
LaTeX Info: Redefining \dots on input line 382.
LaTeX Info: Redefining \cdots on input line 467.
\Mathstrutbox@=\box28
\strutbox@=\box29
\big@size=\dimen152
LaTeX Font Info:    Redeclaring font encoding OML on input line 567.
LaTeX Font Info:    Redeclaring font encoding OMS on input line 568.
\macc@depth=\count145
\c@MaxMatrixCols=\count146
\dotsspace@=\muskip10
\c@parentequation=\count147
\dspbrk@lvl=\count148
\tag@help=\toks27
\row@=\count149
\column@=\count150
\maxfields@=\count151
\andhelp@=\toks28
\eqnshift@=\dimen153
\alignsep@=\dimen154
\tagshift@=\dimen155
\tagwidth@=\dimen156
\totwidth@=\dimen157
\lineht@=\dimen158
\@envbody=\toks29
\multlinegap=\skip183
\multlinetaggap=\skip184
\mathdisplay@stack=\toks30
LaTeX Info: Redefining \[ on input line 2666.
LaTeX Info: Redefining \] on input line 2667.
)
(/usr/local/texlive/2009/texmf-dist/tex/latex/amscls/amsthm.sty
Package: amsthm 2004/08/06 v2.20
\thm@style=\toks31
\thm@bodyfont=\toks32
\thm@headfont=\toks33
\thm@notefont=\toks34
\thm@headpunct=\toks35
\thm@preskip=\skip185
\thm@postskip=\skip186
\thm@headsep=\skip187
\dth@everypar=\toks36
)
(/usr/local/texlive/2009/texmf-dist/tex/latex/bbm-macros/bbm.sty
Package: bbm 1999/03/15 V 1.2 provides fonts for set symbols - TH
LaTeX Font Info:    Overwriting math alphabet `\mathbbm' in version `bold'
(Font)                  U/bbm/m/n --> U/bbm/bx/n on input line 33.
LaTeX Font Info:    Overwriting math alphabet `\mathbbmss' in version `bold'
(Font)                  U/bbmss/m/n --> U/bbmss/bx/n on input line 35.
)
(/usr/local/texlive/2009/texmf-dist/tex/latex/graphics/graphicx.sty
Package: graphicx 1999/02/16 v1.0f Enhanced LaTeX Graphics (DPC,SPQR)

(/usr/local/texlive/2009/texmf-dist/tex/latex/graphics/graphics.sty
Package: graphics 2009/02/05 v1.0o Standard LaTeX Graphics (DPC,SPQR)

(/usr/local/texlive/2009/texmf-dist/tex/latex/graphics/trig.sty
Package: trig 1999/03/16 v1.09 sin cos tan (DPC)
)
(/usr/local/texlive/2009/texmf-dist/tex/latex/latexconfig/graphics.cfg
File: graphics.cfg 2009/08/28 v1.8 graphics configuration of TeX Live
)
Package graphics Info: Driver file: pdftex.def on input line 91.

(/usr/local/texlive/2009/texmf-dist/tex/latex/pdftex-def/pdftex.def
File: pdftex.def 2010/02/14 v0.04n Graphics/color for pdfTeX
\Gread@gobject=\count152
))
\Gin@req@height=\dimen159
\Gin@req@width=\dimen160
)
(/usr/local/texlive/2009/texmf-dist/tex/latex/was/upgreek.sty
Package: upgreek 2003/02/12 v2.0 (WaS)
Package upgreek Info: Using Euler Roman for upright Greek on input line 31.
\symugrf@m=\mathgroup6
LaTeX Font Info:    Overwriting symbol font `ugrf@m' in version `bold'
(Font)                  U/eur/m/n --> U/eur/b/n on input line 38.
)
(/usr/local/texlive/2009/texmf-dist/tex/generic/xypic/xy.sty
(/usr/local/texlive/2009/texmf-dist/tex/generic/xypic/xy.tex Bootstrap'ing:
catcodes, docmode,
(/usr/local/texlive/2009/texmf-dist/tex/generic/xypic/xyrecat.tex)
(/usr/local/texlive/2009/texmf-dist/tex/generic/xypic/xyidioms.tex)

 Xy-pic version 3.7 <1999/02/16>
 Copyright (c) 1991-1998 by Kristoffer H. Rose <krisrose@ens-lyon.fr>
 Xy-pic is free software: see the User's Guide for details.

Loading kernel: messages; fonts; allocations: state,
\X@c=\dimen161
\Y@c=\dimen162
\U@c=\dimen163
\D@c=\dimen164
\L@c=\dimen165
\R@c=\dimen166
\Edge@c=\toks37
\X@p=\dimen167
\Y@p=\dimen168
\U@p=\dimen169
\D@p=\dimen170
\L@p=\dimen171
\R@p=\dimen172
\Edge@p=\toks38
\X@origin=\dimen173
\Y@origin=\dimen174
\X@xbase=\dimen175
\Y@xbase=\dimen176
\X@ybase=\dimen177
\Y@ybase=\dimen178
\X@min=\dimen179
\Y@min=\dimen180
\X@max=\dimen181
\Y@max=\dimen182
\lastobjectbox@=\box30
\zerodotbox@=\box31
\almostz@=\dimen183
 direction,
\d@X=\dimen184
\d@Y=\dimen185
\K@=\count153
\KK@=\count154
\Direction=\count155
\K@dXdY=\dimen186
\K@dYdX=\dimen187
\xyread@=\read2
\xywrite@=\write4
\csp@=\count156
\quotPTK@=\dimen188

utility macros; pictures: \xy, positions,
\swaptoks@@=\toks39
\connectobjectbox@@=\box32
 objects,
\styletoks@=\toks40
 decorations;
kernel objects: directionals, circles, text; options; algorithms: directions,
edges, connections;  Xy-pic loaded)
Package: xy 1999/02/16 Xy-pic version 3.7

(/usr/local/texlive/2009/texmf-dist/tex/generic/xypic/xyall.tex
 Xy-pic option: All features v.3.3
(/usr/local/texlive/2009/texmf-dist/tex/generic/xypic/xycurve.tex
 Xy-pic option: Curve and Spline extension v.3.7 curve,
\crv@cnt@=\count157
\crvpts@=\toks41
\splinebox@=\box33
\splineval@=\dimen189
\splinedepth@=\dimen190
\splinetol@=\dimen191
\splinelength@=\dimen192
 circles,
\L@=\dimen193
 loaded)
(/usr/local/texlive/2009/texmf-dist/tex/generic/xypic/xyframe.tex
 Xy-pic option: Frame and Bracket extension v.3.7 loaded)
(/usr/local/texlive/2009/texmf-dist/tex/generic/xypic/xycmtip.tex
 Xy-pic option: Computer Modern tip extension v.3.3
(/usr/local/texlive/2009/texmf-dist/tex/generic/xypic/xytips.tex
 Xy-pic option: More Tips extension v.3.3 loaded) loaded)
(/usr/local/texlive/2009/texmf-dist/tex/generic/xypic/xyline.tex
 Xy-pic option: Line styles extension v.3.6
\xylinethick@=\dimen194
 loaded)
(/usr/local/texlive/2009/texmf-dist/tex/generic/xypic/xyrotate.tex
 Xy-pic option: Rotate and Scale extension v.3.3 loaded)
(/usr/local/texlive/2009/texmf-dist/tex/generic/xypic/xycolor.tex
 Xy-pic option: Colour extension v.3.3 loaded)
(/usr/local/texlive/2009/texmf-dist/tex/generic/xypic/xymatrix.tex
 Xy-pic option: Matrix feature v.3.4
\Row=\count158
\Col=\count159
\queue@=\toks42
\queue@@=\toks43
\qcount@=\count160
\qcount@@=\count161
\matrixsize@=\count162
 loaded)
(/usr/local/texlive/2009/texmf-dist/tex/generic/xypic/xyarrow.tex
 Xy-pic option: Arrow and Path feature v.3.5 path, \ar, loaded)
(/usr/local/texlive/2009/texmf-dist/tex/generic/xypic/xygraph.tex
 Xy-pic option: Graph feature v.3.7 loaded) loaded)) (./bussproofs.sty
Proof Tree (bussproofs) style macros. Version 1.0.
\theLevel=\count163
\myMaxLevel=\count164
\myBoxA=\box34
\myBoxB=\box35
\myBoxC=\box36
\myBoxD=\box37
\myBoxLL=\box38
\myBoxRL=\box39
\thisAboveSkip=\dimen195
\thisBelowSkip=\dimen196
\newScoreStart=\dimen197
\newScoreEnd=\dimen198
\newCenter=\dimen199
\displace=\dimen200
\leftLowerAmt=\dimen201
\rightLowerAmt=\dimen202
\scoreHeight=\dimen203
\scoreDepth=\dimen204
\htLbox=\dimen205
\htRbox=\dimen206
\htAbox=\dimen207
\htCbox=\dimen208
) (/usr/local/texlive/2009/texmf-dist/tex/latex/hyperref/hyperref.sty
Package: hyperref 2010/05/04 v6.81a Hypertext links for LaTeX

(/usr/local/texlive/2009/texmf-dist/tex/generic/oberdiek/ltxcmds.sty
Package: ltxcmds 2010/04/26 v1.7 LaTeX kernel commands for general use (HO)
)
(/usr/local/texlive/2009/texmf-dist/tex/generic/oberdiek/kvsetkeys.sty
Package: kvsetkeys 2010/03/01 v1.9 Key value parser (HO)

(/usr/local/texlive/2009/texmf-dist/tex/generic/oberdiek/infwarerr.sty
Package: infwarerr 2010/04/08 v1.3 Providing info/warning/message (HO)
)
(/usr/local/texlive/2009/texmf-dist/tex/generic/oberdiek/etexcmds.sty
Package: etexcmds 2010/01/28 v1.3 Prefix for e-TeX command names (HO)
Package etexcmds Info: Could not find \expanded.
(etexcmds)             That can mean that you are not using pdfTeX 1.50 or
(etexcmds)             that some package has redefined \expanded.
(etexcmds)             In the latter case, load this package earlier.
))
(/usr/local/texlive/2009/texmf-dist/tex/generic/oberdiek/pdfescape.sty
Package: pdfescape 2010/03/01 v1.9 Provides hex, PDF name and string conversion
s (HO)

(/usr/local/texlive/2009/texmf-dist/tex/generic/oberdiek/pdftexcmds.sty
Package: pdftexcmds 2010/04/01 v0.9 Utility functions of pdfTeX for LuaTeX (HO)

Package pdftexcmds Info: LuaTeX not detected.
Package pdftexcmds Info: \pdf@primitive is available.
Package pdftexcmds Info: \pdf@ifprimitive is available.
))
(/usr/local/texlive/2009/texmf-dist/tex/generic/oberdiek/ifvtex.sty
Package: ifvtex 2010/03/01 v1.5 Switches for detecting VTeX and its modes (HO)
Package ifvtex Info: VTeX not detected.
)
(/usr/local/texlive/2009/texmf-dist/tex/latex/oberdiek/hycolor.sty
Package: hycolor 2009/12/12 v1.6 Color options of hyperref/bookmark (HO)

(/usr/local/texlive/2009/texmf-dist/tex/latex/oberdiek/xcolor-patch.sty
Package: xcolor-patch 2009/12/12 xcolor patch
))
(/usr/local/texlive/2009/texmf-dist/tex/latex/oberdiek/letltxmacro.sty
Package: letltxmacro 2008/06/24 v1.3 Let assignment for LaTeX macros (HO)
)
\@linkdim=\dimen209
\Hy@linkcounter=\count165
\Hy@pagecounter=\count166

(/usr/local/texlive/2009/texmf-dist/tex/latex/hyperref/pd1enc.def
File: pd1enc.def 2010/05/04 v6.81a Hyperref: PDFDocEncoding definition (HO)
Now handling font encoding PD1 ...
... no UTF-8 mapping file for font encoding PD1
)
(/usr/local/texlive/2009/texmf-dist/tex/generic/oberdiek/intcalc.sty
Package: intcalc 2007/09/27 v1.1 Expandable integer calculations (HO)
)
(/usr/local/texlive/2009/texmf-dist/tex/latex/latexconfig/hyperref.cfg
File: hyperref.cfg 2002/06/06 v1.2 hyperref configuration of TeXLive
)
(/usr/local/texlive/2009/texmf-dist/tex/latex/oberdiek/kvoptions.sty
Package: kvoptions 2010/02/22 v3.7 Keyval support for LaTeX options (HO)
)
Package hyperref Info: Hyper figures OFF on input line 3639.
Package hyperref Info: Link nesting OFF on input line 3644.
Package hyperref Info: Hyper index ON on input line 3647.
Package hyperref Info: Plain pages OFF on input line 3654.
Package hyperref Info: Backreferencing OFF on input line 3659.

Implicit mode ON; LaTeX internals redefined
Package hyperref Info: Bookmarks ON on input line 3855.
(/usr/local/texlive/2009/texmf-dist/tex/latex/url/url.sty
\Urlmuskip=\muskip11
Package: url 2006/04/12  ver 3.3  Verb mode for urls, etc.
)
LaTeX Info: Redefining \url on input line 4140.

(/usr/local/texlive/2009/texmf-dist/tex/generic/oberdiek/bitset.sty
Package: bitset 2007/09/28 v1.0 Data type bit set (HO)

(/usr/local/texlive/2009/texmf-dist/tex/generic/oberdiek/bigintcalc.sty
Package: bigintcalc 2007/11/11 v1.1 Expandable big integer calculations (HO)
))
\Fld@menulength=\count167
\Field@Width=\dimen210
\Fld@charsize=\dimen211
\Field@toks=\toks44
Package hyperref Info: Hyper figures OFF on input line 5118.
Package hyperref Info: Link nesting OFF on input line 5123.
Package hyperref Info: Hyper index ON on input line 5126.
Package hyperref Info: backreferencing OFF on input line 5133.
Package hyperref Info: Link coloring OFF on input line 5138.
Package hyperref Info: Link coloring with OCG OFF on input line 5143.
Package hyperref Info: PDF/A mode OFF on input line 5148.
LaTeX Info: Redefining \ref on input line 5188.
LaTeX Info: Redefining \pageref on input line 5192.

(/usr/local/texlive/2009/texmf-dist/tex/generic/oberdiek/atbegshi.sty
Package: atbegshi 2010/03/25 v1.12 At begin shipout hook (HO)
)
\Hy@abspage=\count168
\c@Item=\count169
)
(/usr/local/texlive/2009/texmf-dist/tex/latex/memoir/memhfixc.sty
Package: memhfixc 2010/04/19 v1.13 nameref/hyperref package fixes for memoir cl
ass
\c@memhycontfloat=\count170
)
* hyperref using default driver hpdftex *
(/usr/local/texlive/2009/texmf-dist/tex/latex/hyperref/hpdftex.def
File: hpdftex.def 2010/05/04 v6.81a Hyperref driver for pdfTeX

(/usr/local/texlive/2009/texmf-dist/tex/latex/oberdiek/atveryend.sty
Package: atveryend 2010/03/24 v1.5 Hooks at very end of document (HO)
Package atveryend Info: \enddocument detected (standard).
)
\Fld@listcount=\count171
\c@bookmark@seq@number=\count172

(/usr/local/texlive/2009/texmf-dist/tex/latex/oberdiek/rerunfilecheck.sty
Package: rerunfilecheck 2010/03/16 v1.6 Rerun checks for auxiliary files (HO)

(/usr/local/texlive/2009/texmf-dist/tex/generic/oberdiek/uniquecounter.sty
Package: uniquecounter 2009/12/18 v1.1 Provides unlimited unique counter (HO)
)
Package uniquecounter Info: New unique counter `rerunfilecheck' on input line 2
71.
)
\Hy@SectionHShift=\skip188
)
(/usr/local/texlive/2009/texmf-dist/tex/latex/pgf/frontendlayer/tikz.sty
(/usr/local/texlive/2009/texmf-dist/tex/latex/pgf/basiclayer/pgf.sty
(/usr/local/texlive/2009/texmf-dist/tex/latex/pgf/utilities/pgfrcs.sty
(/usr/local/texlive/2009/texmf-dist/tex/generic/pgf/utilities/pgfutil-common.te
x
\pgfutil@everybye=\toks45
)
(/usr/local/texlive/2009/texmf-dist/tex/generic/pgf/utilities/pgfutil-latex.def
) (/usr/local/texlive/2009/texmf-dist/tex/generic/pgf/utilities/pgfrcs.code.tex
Package: pgfrcs 2008/02/20 v2.00 (rcs-revision 1.21)
))
Package: pgf 2008/01/15 v2.00 (rcs-revision 1.12)
 (/usr/local/texlive/2009/texmf-dist/tex/latex/pgf/basiclayer/pgfcore.sty
(/usr/local/texlive/2009/texmf-dist/tex/latex/pgf/systemlayer/pgfsys.sty
(/usr/local/texlive/2009/texmf-dist/tex/generic/pgf/systemlayer/pgfsys.code.tex
Package: pgfsys 2008/02/07 v2.00 (rcs-revision 1.31)
(/usr/local/texlive/2009/texmf-dist/tex/generic/pgf/utilities/pgfkeys.code.tex
\pgfkeys@pathtoks=\toks46
\pgfkeys@temptoks=\toks47
)
\pgf@x=\dimen212
\pgf@y=\dimen213
\pgf@xa=\dimen214
\pgf@ya=\dimen215
\pgf@xb=\dimen216
\pgf@yb=\dimen217
\pgf@xc=\dimen218
\pgf@yc=\dimen219
\c@pgf@counta=\count173
\c@pgf@countb=\count174
\c@pgf@countc=\count175
\c@pgf@countd=\count176
(/usr/local/texlive/2009/texmf-dist/tex/generic/pgf/systemlayer/pgf.cfg
File: pgf.cfg 2008/01/13  (rcs-revision 1.6)
)
Package pgfsys Info: Driver file for pgf: pgfsys-pdftex.def on input line 885.

(/usr/local/texlive/2009/texmf-dist/tex/generic/pgf/systemlayer/pgfsys-pdftex.d
ef
File: pgfsys-pdftex.def 2007/12/20  (rcs-revision 1.20)

(/usr/local/texlive/2009/texmf-dist/tex/generic/pgf/systemlayer/pgfsys-common-p
df.def
File: pgfsys-common-pdf.def 2007/12/17  (rcs-revision 1.8)
)))
(/usr/local/texlive/2009/texmf-dist/tex/generic/pgf/systemlayer/pgfsyssoftpath.
code.tex
File: pgfsyssoftpath.code.tex 2008/01/23  (rcs-revision 1.6)
\pgfsyssoftpath@smallbuffer@items=\count177
\pgfsyssoftpath@bigbuffer@items=\count178
)
(/usr/local/texlive/2009/texmf-dist/tex/generic/pgf/systemlayer/pgfsysprotocol.
code.tex
File: pgfsysprotocol.code.tex 2006/10/16  (rcs-revision 1.4)
)) (/usr/local/texlive/2009/texmf-dist/tex/latex/xcolor/xcolor.sty
Package: xcolor 2007/01/21 v2.11 LaTeX color extensions (UK)

(/usr/local/texlive/2009/texmf-dist/tex/latex/latexconfig/color.cfg
File: color.cfg 2007/01/18 v1.5 color configuration of teTeX/TeXLive
)
Package xcolor Info: Driver file: pdftex.def on input line 225.
Package xcolor Info: Model `cmy' substituted by `cmy0' on input line 1337.
Package xcolor Info: Model `hsb' substituted by `rgb' on input line 1341.
Package xcolor Info: Model `RGB' extended on input line 1353.
Package xcolor Info: Model `HTML' substituted by `rgb' on input line 1355.
Package xcolor Info: Model `Hsb' substituted by `hsb' on input line 1356.
Package xcolor Info: Model `tHsb' substituted by `hsb' on input line 1357.
Package xcolor Info: Model `HSB' substituted by `hsb' on input line 1358.
Package xcolor Info: Model `Gray' substituted by `gray' on input line 1359.
Package xcolor Info: Model `wave' substituted by `hsb' on input line 1360.
)
(/usr/local/texlive/2009/texmf-dist/tex/generic/pgf/basiclayer/pgfcore.code.tex
Package: pgfcore 2008/01/15 v2.00 (rcs-revision 1.6)
(/usr/local/texlive/2009/texmf-dist/tex/generic/pgf/math/pgfmath.code.tex
(/usr/local/texlive/2009/texmf-dist/tex/generic/pgf/math/pgfmathcalc.code.tex
(/usr/local/texlive/2009/texmf-dist/tex/generic/pgf/math/pgfmathutil.code.tex
\pgfmath@box=\box40
)
(/usr/local/texlive/2009/texmf-dist/tex/generic/pgf/math/pgfmathparser.code.tex
\pgfmath@stack=\toks48
\c@pgfmath@parsecounta=\count179
\c@pgfmath@parsecountb=\count180
\c@pgfmath@parsecountc=\count181
\pgfmath@parsex=\dimen220
)
(/usr/local/texlive/2009/texmf-dist/tex/generic/pgf/math/pgfmathoperations.code
.tex
(/usr/local/texlive/2009/texmf-dist/tex/generic/pgf/math/pgfmathtrig.code.tex)
(/usr/local/texlive/2009/texmf-dist/tex/generic/pgf/math/pgfmathrnd.code.tex))
(/usr/local/texlive/2009/texmf-dist/tex/generic/pgf/math/pgfmathbase.code.tex))
)
(/usr/local/texlive/2009/texmf-dist/tex/generic/pgf/basiclayer/pgfcorepoints.co
de.tex
File: pgfcorepoints.code.tex 2008/02/03  (rcs-revision 1.13)
\pgf@picminx=\dimen221
\pgf@picmaxx=\dimen222
\pgf@picminy=\dimen223
\pgf@picmaxy=\dimen224
\pgf@pathminx=\dimen225
\pgf@pathmaxx=\dimen226
\pgf@pathminy=\dimen227
\pgf@pathmaxy=\dimen228
Normal \dimen register pool exhausted, switching to extended pool.
\pgf@xx=\dimen256
\pgf@xy=\dimen257
\pgf@yx=\dimen258
\pgf@yy=\dimen259
\pgf@zx=\dimen260
\pgf@zy=\dimen261
)
(/usr/local/texlive/2009/texmf-dist/tex/generic/pgf/basiclayer/pgfcorepathconst
ruct.code.tex
File: pgfcorepathconstruct.code.tex 2008/02/13  (rcs-revision 1.14)
\pgf@path@lastx=\dimen262
\pgf@path@lasty=\dimen263
)
(/usr/local/texlive/2009/texmf-dist/tex/generic/pgf/basiclayer/pgfcorepathusage
.code.tex
File: pgfcorepathusage.code.tex 2008/01/23  (rcs-revision 1.11)
\pgf@shorten@end@additional=\dimen264
\pgf@shorten@start@additional=\dimen265
)
(/usr/local/texlive/2009/texmf-dist/tex/generic/pgf/basiclayer/pgfcorescopes.co
de.tex
File: pgfcorescopes.code.tex 2008/01/15  (rcs-revision 1.26)
\pgfpic=\box41
\pgf@hbox=\box42
\pgf@layerbox@main=\box43
\pgf@picture@serial@count=\count182
)
(/usr/local/texlive/2009/texmf-dist/tex/generic/pgf/basiclayer/pgfcoregraphicst
ate.code.tex
File: pgfcoregraphicstate.code.tex 2007/12/12  (rcs-revision 1.8)
\pgflinewidth=\dimen266
)
(/usr/local/texlive/2009/texmf-dist/tex/generic/pgf/basiclayer/pgfcoretransform
ations.code.tex
File: pgfcoretransformations.code.tex 2008/02/04  (rcs-revision 1.10)
\pgf@pt@x=\dimen267
\pgf@pt@y=\dimen268
\pgf@pt@temp=\dimen269
)
(/usr/local/texlive/2009/texmf-dist/tex/generic/pgf/basiclayer/pgfcorequick.cod
e.tex
File: pgfcorequick.code.tex 2006/10/11  (rcs-revision 1.2)
)
(/usr/local/texlive/2009/texmf-dist/tex/generic/pgf/basiclayer/pgfcoreobjects.c
ode.tex
File: pgfcoreobjects.code.tex 2006/10/11  (rcs-revision 1.2)
)
(/usr/local/texlive/2009/texmf-dist/tex/generic/pgf/basiclayer/pgfcorepathproce
ssing.code.tex
File: pgfcorepathprocessing.code.tex 2008/01/23  (rcs-revision 1.7)
)
(/usr/local/texlive/2009/texmf-dist/tex/generic/pgf/basiclayer/pgfcorearrows.co
de.tex
File: pgfcorearrows.code.tex 2007/06/07  (rcs-revision 1.8)
)
(/usr/local/texlive/2009/texmf-dist/tex/generic/pgf/basiclayer/pgfcoreshade.cod
e.tex
File: pgfcoreshade.code.tex 2007/12/10  (rcs-revision 1.9)
\pgf@max=\dimen270
\pgf@sys@shading@range@num=\count183
)
(/usr/local/texlive/2009/texmf-dist/tex/generic/pgf/basiclayer/pgfcoreimage.cod
e.tex
File: pgfcoreimage.code.tex 2008/01/15  (rcs-revision 1.1)
\pgfexternal@startupbox=\box44
)
(/usr/local/texlive/2009/texmf-dist/tex/generic/pgf/basiclayer/pgfcorelayers.co
de.tex
File: pgfcorelayers.code.tex 2008/01/15  (rcs-revision 1.1)
)
(/usr/local/texlive/2009/texmf-dist/tex/generic/pgf/basiclayer/pgfcoretranspare
ncy.code.tex
File: pgfcoretransparency.code.tex 2008/01/17  (rcs-revision 1.2)
)
(/usr/local/texlive/2009/texmf-dist/tex/generic/pgf/basiclayer/pgfcorepatterns.
code.tex
File: pgfcorepatterns.code.tex 2008/01/15  (rcs-revision 1.1)
)))
(/usr/local/texlive/2009/texmf-dist/tex/generic/pgf/modules/pgfmoduleshapes.cod
e.tex
File: pgfmoduleshapes.code.tex 2008/02/13  (rcs-revision 1.4)
\pgfnodeparttextbox=\box45
\toks@savedmacro=\toks49
)
(/usr/local/texlive/2009/texmf-dist/tex/generic/pgf/modules/pgfmoduleplot.code.
tex
File: pgfmoduleplot.code.tex 2008/01/15  (rcs-revision 1.1)
\pgf@plotwrite=\write5
)
(/usr/local/texlive/2009/texmf-dist/tex/latex/pgf/compatibility/pgfcomp-version
-0-65.sty
Package: pgfcomp-version-0-65 2007/07/03 v2.00 (rcs-revision 1.7)
\pgf@nodesepstart=\dimen271
\pgf@nodesepend=\dimen272
)
(/usr/local/texlive/2009/texmf-dist/tex/latex/pgf/compatibility/pgfcomp-version
-1-18.sty
Package: pgfcomp-version-1-18 2007/07/23 v2.00 (rcs-revision 1.1)
))
(/usr/local/texlive/2009/texmf-dist/tex/latex/pgf/utilities/pgffor.sty
(/usr/local/texlive/2009/texmf-dist/tex/generic/pgf/utilities/pgffor.code.tex
Package: pgffor 2007/11/07 v2.00 (rcs-revision 1.8)
\pgffor@iter=\dimen273
\pgffor@skip=\dimen274
))
(/usr/local/texlive/2009/texmf-dist/tex/generic/pgf/frontendlayer/tikz/tikz.cod
e.tex
Package: tikz 2008/02/13 v2.00 (rcs-revision 1.27)

(/usr/local/texlive/2009/texmf-dist/tex/generic/pgf/libraries/pgflibraryplothan
dlers.code.tex
File: pgflibraryplothandlers.code.tex 2007/03/09 v2.00 (rcs-revision 1.9)
\pgf@plot@mark@count=\count184
\pgfplotmarksize=\dimen275
)
\tikz@lastx=\dimen276
\tikz@lasty=\dimen277
\tikz@lastxsaved=\dimen278
\tikz@lastysaved=\dimen279
\tikzleveldistance=\dimen280
\tikzsiblingdistance=\dimen281
\tikz@figbox=\box46
\tikz@tempbox=\box47
\tikztreelevel=\count185
\tikznumberofchildren=\count186
\tikznumberofcurrentchild=\count187
\tikz@fig@count=\count188

(/usr/local/texlive/2009/texmf-dist/tex/generic/pgf/modules/pgfmodulematrix.cod
e.tex
File: pgfmodulematrix.code.tex 2008/01/15  (rcs-revision 1.1)
\pgfmatrixcurrentrow=\count189
\pgfmatrixcurrentcolumn=\count190
\pgf@matrix@numberofcolumns=\count191
)
\tikz@expandcount=\count192

(/usr/local/texlive/2009/texmf-dist/tex/generic/pgf/frontendlayer/tikz/librarie
s/tikzlibrarytopaths.code.tex
File: tikzlibrarytopaths.code.tex 2008/01/09 v2.00 (rcs-revision 1.1)
)))
(/usr/local/texlive/2009/texmf-dist/tex/generic/pgf/frontendlayer/tikz/librarie
s/tikzlibrarytrees.code.tex
File: tikzlibrarytrees.code.tex 2008/01/09 v2.00 (rcs-revision 1.1)
)
(/usr/local/texlive/2009/texmf-dist/tex/generic/pgf/frontendlayer/tikz/librarie
s/tikzlibraryshapes.code.tex
File: tikzlibraryshapes.code.tex 2008/01/09 v2.00 (rcs-revision 1.1)

(/usr/local/texlive/2009/texmf-dist/tex/generic/pgf/frontendlayer/tikz/librarie
s/tikzlibraryshapes.geometric.code.tex
File: tikzlibraryshapes.geometric.code.tex 2008/01/09 v2.00 (rcs-revision 1.1)

(/usr/local/texlive/2009/texmf-dist/tex/generic/pgf/libraries/pgflibraryshapes.
geometric.code.tex
File: pgflibraryshapes.geometric.code.tex 2008/02/01 v2.00 (rcs-revision 1.22)
))
(/usr/local/texlive/2009/texmf-dist/tex/generic/pgf/frontendlayer/tikz/librarie
s/tikzlibraryshapes.misc.code.tex
File: tikzlibraryshapes.misc.code.tex 2008/01/09 v2.00 (rcs-revision 1.1)

(/usr/local/texlive/2009/texmf-dist/tex/generic/pgf/libraries/pgflibraryshapes.
misc.code.tex
File: pgflibraryshapes.misc.code.tex 2008/02/12 v2.00 (rcs-revision 1.10)
))
(/usr/local/texlive/2009/texmf-dist/tex/generic/pgf/frontendlayer/tikz/librarie
s/tikzlibraryshapes.symbols.code.tex
File: tikzlibraryshapes.symbols.code.tex 2008/01/09 v2.00 (rcs-revision 1.1)

(/usr/local/texlive/2009/texmf-dist/tex/generic/pgf/libraries/pgflibraryshapes.
symbols.code.tex
File: pgflibraryshapes.symbols.code.tex 2008/01/30 v2.00 (rcs-revision 1.13)
))
(/usr/local/texlive/2009/texmf-dist/tex/generic/pgf/frontendlayer/tikz/librarie
s/tikzlibraryshapes.arrows.code.tex
File: tikzlibraryshapes.arrows.code.tex 2008/01/09 v2.00 (rcs-revision 1.1)

(/usr/local/texlive/2009/texmf-dist/tex/generic/pgf/libraries/pgflibraryshapes.
arrows.code.tex
File: pgflibraryshapes.arrows.code.tex 2007/11/10 v2.00 (rcs-revision 1.3)
))
(/usr/local/texlive/2009/texmf-dist/tex/generic/pgf/frontendlayer/tikz/librarie
s/tikzlibraryshapes.callouts.code.tex
(/usr/local/texlive/2009/texmf-dist/tex/generic/pgf/libraries/pgflibraryshapes.
callouts.code.tex))
(/usr/local/texlive/2009/texmf-dist/tex/generic/pgf/frontendlayer/tikz/librarie
s/tikzlibraryshapes.multipart.code.tex
File: tikzlibraryshapes.multipart.code.tex 2008/01/09 v2.00 (rcs-revision 1.1)

(/usr/local/texlive/2009/texmf-dist/tex/generic/pgf/libraries/pgflibraryshapes.
multipart.code.tex
File: pgflibraryshapes.multipart.code.tex 2008/01/15 v2.00 (rcs-revision 1.7)
\pgfnodepartlowerbox=\box48
\pgfnodepartsecondbox=\box49
\pgfnodepartthirdbox=\box50
\pgfnodepartfourthbox=\box51
)))
(/usr/local/texlive/2009/texmf-dist/tex/generic/pgf/frontendlayer/tikz/librarie
s/tikzlibrarydecorations.code.tex
(/usr/local/texlive/2009/texmf-dist/tex/generic/pgf/modules/pgfmoduledecoration
s.code.tex
\pgfdecoratedcompleteddistance=\dimen282
\pgfdecoratedremainingdistance=\dimen283
\pgfdecoratedinputsegmentcompleteddistance=\dimen284
\pgfdecoratedinputsegmentremainingdistance=\dimen285
\pgf@decorate@distancetomove=\dimen286
\pgf@decorate@repeatstate=\count193
\pgfdecorationsegmentamplitude=\dimen287
\pgfdecorationsegmentlength=\dimen288
))
(/usr/local/texlive/2009/texmf-dist/tex/generic/pgf/frontendlayer/tikz/librarie
s/tikzlibraryautomata.code.tex
File: tikzlibraryautomata.code.tex 2008/02/14 v2.00 (rcs-revision 1.2)
)
(/usr/local/texlive/2009/texmf-dist/tex/latex/base/alltt.sty
Package: alltt 1997/06/16 v2.0g defines alltt environment
)
(/usr/local/texlive/2009/texmf-dist/tex/latex/listings/listings.sty
\lst@mode=\count194
\lst@gtempboxa=\box52
\lst@token=\toks50
\lst@length=\count195
\lst@currlwidth=\dimen289
\lst@column=\count196
\lst@pos=\count197
\lst@lostspace=\dimen290
\lst@width=\dimen291
\lst@newlines=\count198
\lst@lineno=\count199
\lst@maxwidth=\dimen292

(/usr/local/texlive/2009/texmf-dist/tex/latex/listings/lstmisc.sty
File: lstmisc.sty 2007/02/22 1.4 (Carsten Heinz)
\c@lstnumber=\count200
\lst@skipnumbers=\count201
\lst@framebox=\box53
)
(/usr/local/texlive/2009/texmf-dist/tex/latex/listings/listings.cfg
File: listings.cfg 2007/02/22 1.4 listings configuration
))
Package: listings 2007/02/22 1.4 (Carsten Heinz)

(./lstlangcoq.sty) (./lstlangcaml.sty)
(/usr/local/texlive/2009/texmf-dist/tex/latex/listings/lstmisc.sty
File: lstmisc.sty 2007/02/22 1.4 (Carsten Heinz)
)
(./macros.tex
\c@savetheorem=\count202
) (./format.tex) (./main.aux (./1_intro/1_intro.aux)
(./2_prerequis/2_prerequis.aux) (./4_contre_ex/4_contre_ex.aux)
(./3_proptemp/3_proptemp.aux) (./5_certif/5_certif.aux) (./resume/resume.aux))
\openout1 = `main.aux'.

LaTeX Font Info:    Checking defaults for OML/cmm/m/it on input line 71.
LaTeX Font Info:    ... okay on input line 71.
LaTeX Font Info:    Checking defaults for T1/cmr/m/n on input line 71.
LaTeX Font Info:    ... okay on input line 71.
LaTeX Font Info:    Checking defaults for OT1/cmr/m/n on input line 71.
LaTeX Font Info:    ... okay on input line 71.
LaTeX Font Info:    Checking defaults for OMS/cmsy/m/n on input line 71.
LaTeX Font Info:    ... okay on input line 71.
LaTeX Font Info:    Checking defaults for OMX/cmex/m/n on input line 71.
LaTeX Font Info:    ... okay on input line 71.
LaTeX Font Info:    Checking defaults for U/cmr/m/n on input line 71.
LaTeX Font Info:    ... okay on input line 71.
LaTeX Font Info:    Checking defaults for PD1/pdf/m/n on input line 71.
LaTeX Font Info:    ... okay on input line 71.
LaTeX Info: Redefining \degres on input line 71.


Package frenchb.ldf Warning: The definition of \@makecaption has been changed,
(frenchb.ldf)                frenchb will NOT customise it;
(frenchb.ldf)                reported on input line 71.

LaTeX Info: Redefining \dots on input line 71.
LaTeX Info: Redefining \up on input line 71.

Package frenchb.ldf Warning: OT1 encoding should not be used for French. 
(frenchb.ldf)                Add \usepackage[T1]{fontenc} to the preamble
(frenchb.ldf)                of your document, on input line 71.

(/usr/local/texlive/2009/texmf-dist/tex/context/base/supp-pdf.mkii
[Loading MPS to PDF converter (version 2006.09.02).]
\scratchcounter=\count203
\scratchdimen=\dimen293
\scratchbox=\box54
\nofMPsegments=\count204
\nofMParguments=\count205
\everyMPshowfont=\toks51
\MPscratchCnt=\count206
\MPscratchDim=\dimen294
\MPnumerator=\count207
\everyMPtoPDFconversion=\toks52
)
\AtBeginShipoutBox=\box55
Package hyperref Info: Link coloring OFF on input line 71.
 (/usr/local/texlive/2009/texmf-dist/tex/latex/hyperref/nameref.sty
Package: nameref 2010/04/30 v2.40 Cross-referencing by name of section

(/usr/local/texlive/2009/texmf-dist/tex/latex/oberdiek/refcount.sty
Package: refcount 2008/08/11 v3.1 Data extraction from references (HO)
)
(/usr/local/texlive/2009/texmf-dist/tex/generic/oberdiek/gettitlestring.sty
Package: gettitlestring 2009/12/18 v1.3 Cleanup title references (HO)
)
\c@section@level=\count208
)
Redoing nameref's sectioning
Redoing nameref's label
LaTeX Info: Redefining \nameref on input line 71.
LaTeX Info: Redefining \ref on input line 71.
LaTeX Info: Redefining \pageref on input line 71.
LaTeX Info: Redefining \nameref on input line 71.
(./main.out) (./main.out)
\@outlinefile=\write6
\openout6 = `main.out'.

\c@lstlisting=\count209

<couverture/couverture.pdf, id=174, 598.1477pt x 845.90027pt>
File: couverture/couverture.pdf Graphic file (type pdf)

<use couverture/couverture.pdf>
LaTeX Font Info:    Try loading font information for U+msa on input line 77.

(/usr/local/texlive/2009/texmf-dist/tex/latex/amsfonts/umsa.fd
File: umsa.fd 2009/06/22 v3.00 AMS symbols A
)
LaTeX Font Info:    Try loading font information for U+msb on input line 77.

(/usr/local/texlive/2009/texmf-dist/tex/latex/amsfonts/umsb.fd
File: umsb.fd 2009/06/22 v3.00 AMS symbols B
)
Overfull \hbox (247.98543pt too wide) in paragraph at lines 75--78
[]$[]$ 
 []


Underfull \vbox (badness 10000) has occurred while \output is active []

 [1

]
Overfull \vbox (93.05977pt too high) has occurred while \output is active []


[2 <./couverture/couverture.pdf{/usr/local/texlive/2009/texmf-var/fonts/map/pdf
tex/updmap/pdftex.map}>] [3] [4

] (./main.toc [1]
Overfull \hbox (2.03766pt too wide) detected at line 69
 \OT1/cmr/bx/n/12 101
 []

) [2]
\openout2 = `1_intro/1_intro.aux'.

 (./1_intro/1_intro.texpdfTeX warning (ext4): destination with the same identif
ier (name{page.1}) has been already used, duplicate ignored
<to be read again> 
                   \relax 
l.36 
      [1



]pdfTeX warning (ext4): destination with the same identifier (name{page.2}) has
 been already used, duplicate ignored
<to be read again> 
                   \relax 
l.90 
      [2]pdfTeX warning (ext4): destination with the same identifier (name{page
.3}) has been already used, duplicate ignored
<to be read again> 
                   \relax 
l.157 \]
         [3] <1_intro/exact.pdf, id=325, 289.75342pt x 151.03998pt>
File: 1_intro/exact.pdf Graphic file (type pdf)

<use 1_intro/exact.pdf>pdfTeX warning (ext4): destination with the same identif
ier (name{page.4}) has been already used, duplicate ignored
<to be read again> 
                   \relax 
l.181 
       [4 <./1_intro/exact.pdf>]
<1_intro/approx.pdf, id=338, 328.70784pt x 167.44087pt>
File: 1_intro/approx.pdf Graphic file (type pdf)

<use 1_intro/approx.pdf>
LaTeX Font Info:    Try loading font information for OT1+pcr on input line 231.


(/usr/local/texlive/2009/texmf-dist/tex/latex/psnfss/ot1pcr.fd
File: ot1pcr.fd 2001/06/04 font definitions for OT1/pcr.
) [5 <./1_intro/approx.pdf>]
Underfull \vbox (badness 2393) has occurred while \output is active []

 [6]
[7]) [8]
\openout2 = `2_prerequis/2_prerequis.aux'.

 (./2_prerequis/2_prerequis.tex
Underfull \hbox (badness 1565) in paragraph at lines 74--81
\OT1/cmr/m/n/12 le terme $\OML/cmm/m/it/12 f\OT1/cmr/m/n/12 (\OML/cmm/m/it/12 g
\OT1/cmr/m/n/12 (\OML/cmm/m/it/12 x; h\OT1/cmr/m/n/12 (\OML/cmm/m/it/12 y\OT1/c
mr/m/n/12 ))\OML/cmm/m/it/12 ; g\OT1/cmr/m/n/12 (\OML/cmm/m/it/12 x; g\OT1/cmr/
m/n/12 (\OML/cmm/m/it/12 y; z\OT1/cmr/m/n/12 ))\OML/cmm/m/it/12 ; h\OT1/cmr/m/n
/12 (\OML/cmm/m/it/12 x\OT1/cmr/m/n/12 ))$ est constitu^^Se des \OT1/cmr/bx/n/1
2 sous-termes \OT1/cmr/m/n/12 repr^^Sesent^^Ses
 []


Underfull \hbox (badness 2253) in paragraph at lines 74--81
\OT1/cmr/m/n/12 par les sous-arbres dans la fi-gure []2.1[]. Ainsi $\OML/cmm/m/
it/12 g\OT1/cmr/m/n/12 (\OML/cmm/m/it/12 x; g\OT1/cmr/m/n/12 (\OML/cmm/m/it/12 
y; z\OT1/cmr/m/n/12 ))$ est un sous-terme de
 []

[9



] [10]
Underfull \hbox (badness 10000) in paragraph at lines 170--171

 []

[11] [12]
Underfull \hbox (badness 10000) in paragraph at lines 242--243

 []

<2_prerequis/automate_rev.pdf, id=420, 470.68613pt x 182.87311pt>
File: 2_prerequis/automate_rev.pdf Graphic file (type pdf)

<use 2_prerequis/automate_rev.pdf> [13 <./2_prerequis/automate_rev.pdf>]
[14] <xymatrix 2x2 162> [15]
<2_prerequis/cp1.pdf, id=476, 470.68613pt x 156.6382pt>
File: 2_prerequis/cp1.pdf Graphic file (type pdf)

<use 2_prerequis/cp1.pdf>
<2_prerequis/cp2.pdf, id=477, 300.1588pt x 156.6382pt>
File: 2_prerequis/cp2.pdf Graphic file (type pdf)

<use 2_prerequis/cp2.pdf> [16 <./2_prerequis/cp1.pdf> <./2_prerequis/cp2.pdf>]
<xymatrix 2x2 107> [17] [18] [19] <xymatrix 2x2 155>) [20]
\openout2 = `4_contre_ex/4_contre_ex.aux'.


(./4_contre_ex/4_contre_ex.tex
Underfull \hbox (badness 10000) in paragraph at lines 8--20

 []


Underfull \hbox (badness 10000) in paragraph at lines 25--28

 []

<4_contre_ex/illustration.pdf, id=553, 493.8344pt x 214.5094pt>
File: 4_contre_ex/illustration.pdf Graphic file (type pdf)

<use 4_contre_ex/illustration.pdf> [21



] [22 <./4_contre_ex/illustration.pdf>]
<4_contre_ex/armc.pdf, id=577, 351.9834pt x 121.69244pt>
File: 4_contre_ex/armc.pdf Graphic file (type pdf)

<use 4_contre_ex/armc.pdf> [23] [24 <./4_contre_ex/armc.pdf>] <xymatrix 2x2
155> <xymatrix 2x2 251> [25]

Package hyperref Warning: Token not allowed in a PDF string (PDFDocEncoding):
(hyperref)                removing `math shift' on input line 250.


Package hyperref Warning: Token not allowed in a PDF string (PDFDocEncoding):
(hyperref)                removing `subscript' on input line 250.


Package hyperref Warning: Token not allowed in a PDF string (PDFDocEncoding):
(hyperref)                removing `math shift' on input line 250.

(./4_contre_ex/semantics_ex.tex [26]) [27] [28]

Package hyperref Warning: Token not allowed in a PDF string (PDFDocEncoding):
(hyperref)                removing `math shift' on input line 491.


Package hyperref Warning: Token not allowed in a PDF string (PDFDocEncoding):
(hyperref)                removing `subscript' on input line 491.


Package hyperref Warning: Token not allowed in a PDF string (PDFDocEncoding):
(hyperref)                removing `math shift' on input line 491.

[29] [30]

Package hyperref Warning: Token not allowed in a PDF string (PDFDocEncoding):
(hyperref)                removing `math shift' on input line 571.


Package hyperref Warning: Token not allowed in a PDF string (PDFDocEncoding):
(hyperref)                removing `subscript' on input line 571.


Package hyperref Warning: Token not allowed in a PDF string (PDFDocEncoding):
(hyperref)                removing `math shift' on input line 571.


Package hyperref Warning: Token not allowed in a PDF string (PDFDocEncoding):
(hyperref)                removing `math shift' on input line 571.


Package hyperref Warning: Token not allowed in a PDF string (PDFDocEncoding):
(hyperref)                removing `math shift' on input line 571.

<xymatrix 3x3 111> <xymatrix 3x3 166> [31]

LaTeX Font Warning: Command \small invalid in math mode on input line 675.

[32] [33] [34] [35]
! Missing $ inserted.
<inserted text> 
                $
l.888 ...elta' \cup \Drw \cup \Deq\ra$ avec \Delta
                                                   .
I've inserted a begin-math/end-math symbol since I think
you left one out. Proceed, with fingers crossed.


! LaTeX Error: Command \end{property} invalid in math mode.

See the LaTeX manual or LaTeX Companion for explanation.
Type  H <return>  for immediate help.
 ...                                              
                                                  
l.889 \end{property}
                    
Try typing  <return>  to proceed.
If that doesn't work, type  X <return>  to quit.


! LaTeX Error: Something's wrong--perhaps a missing \item.

See the LaTeX manual or LaTeX Companion for explanation.
Type  H <return>  for immediate help.
 ...                                              
                                                  
l.889 \end{property}
                    
Try typing  <return>  to proceed.
If that doesn't work, type  X <return>  to quit.


! LaTeX Error: Something's wrong--perhaps a missing \item.

See the LaTeX manual or LaTeX Companion for explanation.
Type  H <return>  for immediate help.
 ...                                              
                                                  
l.889 \end{property}
                    
Try typing  <return>  to proceed.
If that doesn't work, type  X <return>  to quit.

! Missing $ inserted.
<inserted text> 
                $
l.889 \end{property}
                    
I've inserted something that you may have forgotten.
(See the <inserted text> above.)
With luck, this will get me unwedged. But if you
really didn't forget anything, try typing `2' now; then
my insertion and my current dilemma will both disappear.

[36] [37] [38]
Underfull \hbox (badness 2269) in paragraph at lines 1135--1143
[]\OT1/cmr/m/n/12 On va alors d^^Secomposer $\OML/cmm/m/it/12 f\OT1/cmr/m/n/12 
(\OML/cmm/m/it/12 t[]; [] ; t[]\OT1/cmr/m/n/12 )\OML/cmm/m/it/12 ^^[ [][] q$ \O
T1/cmr/m/n/12 en s^^Sequence de tran-si-tions.
 []

[39]
Underfull \hbox (badness 1796) in paragraph at lines 1194--1197
[]\OT1/cmr/m/n/12 Si $\OML/cmm/m/it/12 f\OT1/cmr/m/n/12 (\OML/cmm/m/it/12 q[]; 
[] ; q[]\OT1/cmr/m/n/12 ) \OMS/cmsy/m/n/12 ! \OML/cmm/m/it/12 q[] \OMS/cmsy/m/n
/12 2 \OT1/cmr/m/n/12 ^^A$ est la derni^^Rere tran-si-tion uti-lis^^See pour av
oir
 []

[40]

Package hyperref Warning: Token not allowed in a PDF string (PDFDocEncoding):
(hyperref)                removing `math shift' on input line 1223.


Package hyperref Warning: Token not allowed in a PDF string (PDFDocEncoding):
(hyperref)                removing `subscript' on input line 1223.


Package hyperref Warning: Token not allowed in a PDF string (PDFDocEncoding):
(hyperref)                removing `math shift' on input line 1223.


Underfull \hbox (badness 2269) in paragraph at lines 1237--1248
[]\OT1/cmr/m/n/12 Soient les $[]$-automates $\OT1/cmr/m/it/12 A \OT1/cmr/m/n/12
 = \OMS/cmsy/m/n/12 hF\OML/cmm/m/it/12 ; \OT1/cmr/m/it/12 Q\OML/cmm/m/it/12 ; \
OT1/cmr/m/it/12 Q[]\OML/cmm/m/it/12 ; \OT1/cmr/m/n/12 ^^A \OMS/cmsy/m/n/12 [ \U
/eur/m/n/12 "[] \OMS/cmsy/m/n/12 [ \U/eur/m/n/12 "[]\OMS/cmsy/m/n/12 i$ $\OT1/c
mr/m/it/12 A[] \OT1/cmr/m/n/12 =
 []

[41] [42] [43]

Package hyperref Warning: Token not allowed in a PDF string (PDFDocEncoding):
(hyperref)                removing `math shift' on input line 1426.


Package hyperref Warning: Token not allowed in a PDF string (PDFDocEncoding):
(hyperref)                removing `math shift' on input line 1426.

<xymatrix 2x2 155> [44] [45] <xymatrix 2x2 155> [46]
(./4_contre_ex/img/refine.tex
Overfull \hbox (25.11714pt too wide) in paragraph at lines 31--32
 [][] 
 []

) [47 <./4_contre_ex/img/A0.pdf> <./4_contre_ex/img/A1.pdf> <./4_contre_ex/img/
A2.pdf> <./4_contre_ex/img/A3.pdf> <./4_contre_ex/img/A4.pdf>]
Underfull \hbox (badness 2582) in paragraph at lines 1671--1680
[]\OT1/cmr/m/n/12 Soient $\OT1/cmr/m/it/12 A \OT1/cmr/m/n/12 = \OMS/cmsy/m/n/12
 hF\OML/cmm/m/it/12 ; \OT1/cmr/m/it/12 Q[]\OML/cmm/m/it/12 ; \OT1/cmr/m/it/12 Q
[]\OML/cmm/m/it/12 ; \OT1/cmr/m/n/12 ^^A[]\OML/cmm/m/it/12 ; \U/eur/m/n/12 "[]\
OML/cmm/m/it/12 ; \U/eur/m/n/12 "[]\OMS/cmsy/m/n/12 i$ \OT1/cmr/m/n/12 un $[]$-
automate et $\OT1/cmr/m/it/12 B \OT1/cmr/m/n/12 =
 []

[48]
Underfull \hbox (badness 2401) in paragraph at lines 1763--1788
[]\OT1/cmr/m/n/12 Si la premi^^Rere r^^Regle est concern^^See, cela si-gni-fie 
qu'il existe des tri-plets
 []

[49] [50] [51] [52]

Package hyperref Warning: Token not allowed in a PDF string (PDFDocEncoding):
(hyperref)                removing `math shift' on input line 2167.


Package hyperref Warning: Token not allowed in a PDF string (PDFDocEncoding):
(hyperref)                removing `subscript' on input line 2167.


Package hyperref Warning: Token not allowed in a PDF string (PDFDocEncoding):
(hyperref)                removing `math shift' on input line 2167.

[53] [54]) [55]
\openout2 = `3_proptemp/3_proptemp.aux'.

 (./3_proptemp/3_proptemp.tex [56



] [57]
<jvm_1.pdf, id=1005, 228.86684pt x 23.63159pt>
File: jvm_1.pdf Graphic file (type pdf)
 <use jvm_1.pdf> [58 <./jvm_1.pdf>] [59] [60]

Package hyperref Warning: Token not allowed in a PDF string (PDFDocEncoding):
(hyperref)                removing `math shift' on input line 284.


Package hyperref Warning: Token not allowed in a PDF string (PDFDocEncoding):
(hyperref)                removing `\mathrel' on input line 284.


Package hyperref Warning: Token not allowed in a PDF string (PDFDocEncoding):
(hyperref)                removing `\dabar@' on input line 284.


Package hyperref Warning: Token not allowed in a PDF string (PDFDocEncoding):
(hyperref)                removing `\dabar@' on input line 284.


Package hyperref Warning: Token not allowed in a PDF string (PDFDocEncoding):
(hyperref)                removing `\mathchar' on input line 284.


Package hyperref Warning: Token not allowed in a PDF string (PDFDocEncoding):
(hyperref)                removing `subscript' on input line 284.


Package hyperref Warning: Token not allowed in a PDF string (PDFDocEncoding):
(hyperref)                removing `subscript' on input line 284.


Package hyperref Warning: Token not allowed in a PDF string (PDFDocEncoding):
(hyperref)                removing `math shift' on input line 284.

<xymatrix 3x3 209> <xymatrix 3x3 127> [61] <xymatrix 5x3 336> [62] <xymatrix
7x4 527> [63] [64]
Overfull \hbox (2.61107pt too wide) in paragraph at lines 566--596
[]$[]$ $[]$ 
 []

[65] [66]
Underfull \hbox (badness 10000) in paragraph at lines 721--722

 []

[67]
Overfull \hbox (2.61107pt too wide) in paragraph at lines 782--816
[]$[]$ $[]$ 
 []

[68] [69] [70] <xymatrix 2x2 155> [71]) [72]
\openout2 = `5_certif/5_certif.aux'.

 (./5_certif/5_certif.tex [73



]
LaTeX Font Info:    Font shape `OT1/pcr/bx/n' in size <10> not available
(Font)              Font shape `OT1/pcr/b/n' tried instead on input line 56.

[74] (./5_certif/rewriting.tex [75] [76]
LaTeX Font Info:    Font shape `OT1/pcr/m/it' in size <10> not available
(Font)              Font shape `OT1/pcr/m/sl' tried instead on input line 128.
 [77]) (./5_certif/automata.tex
[78]
\myBox1=\box56
\myScoreStart1=\dimen295
\myCenter1=\dimen296
\myScoreEnd1=\dimen297
\myBox2=\box57
\myScoreStart2=\dimen298
\myCenter2=\dimen299
\myScoreEnd2=\dimen300
\myBox3=\box58
\myScoreStart3=\dimen301
\myCenter3=\dimen302
\myScoreEnd3=\dimen303

Overfull \hbox (1.28346pt too wide) in paragraph at lines 82--84
[][][][][][][][][][][][][][][][][][][][][][][][][][][][][][][][][][][][][][][][
][][][] 
 []

[79]
Underfull \hbox (badness 1043) in paragraph at lines 105--116
\OT1/cmr/m/n/12 Bien que la for-ma-li-sa-tion soit plus simple que dans la li-b
rai-rie \OT1/cmss/m/n/12 Coq \OT1/cmr/m/n/12 d'au-to-mates
 []

) [80] [81]
Overfull \hbox (31.28377pt too wide) in paragraph at lines 341--343
[][][][][][][][][][][][][][][][][][][][][][][][][][][][][][][][][][][][][][][][
][][][][][][][] 
 []

[82]

LaTeX Font Warning: Command \footnotesize invalid in math mode on input line 39
9.

[83] [84] [85] [86]
Underfull \hbox (badness 2057) in paragraph at lines 714--723
[]\OT1/cmr/m/n/12 Pour rap-pel, la compl^^Setion d'au-to-mates d'arbres ef-fec-
tue prin-ci-pa-le-ment deux
 []

[87]
Underfull \hbox (badness 10000) in paragraph at lines 836--837

 []

[88] [89] [90] [91] [92]
Overfull \hbox (17.78381pt too wide) in paragraph at lines 1175--1176
[][][][][][][][][][][][][][][][] 
 []


Overfull \hbox (27.617pt too wide) in paragraph at lines 1198--1200
[][][][][][][][][][][][][][][][][][][][][][][][][][][][][] 
 []

[93] [94]
Overfull \hbox (12.12592pt too wide) in paragraph at lines 1307--1308
[][][][][][][][][][][][][][][][][][][][][][][][][][][][][][][][][][][][][][][][
][][][][][][][][][][][][][][][][] 
 []

[95]
Underfull \hbox (badness 10000) in paragraph at lines 1328--1329
[][][][][][][][][][][][][][][][][][][][][][][][][][][][][][][][][][][][][][][][
][][][][][]
 []


Underfull \hbox (badness 10000) in paragraph at lines 1344--1347
[]\OT1/cmr/m/n/12 En uti-li-sant ces deux th^^Seor^^Remes, on peut re-for-mu-le
r le
 []


Underfull \hbox (badness 1540) in paragraph at lines 1344--1347
\OT1/cmr/m/n/12 th^^Seor^^Reme [][][] en transf^^Serant la pro-pri^^Set^^Se sur
 les termes clos,
 []

[96]
Overfull \hbox (1.28346pt too wide) in paragraph at lines 1422--1423
[][][][][][][][][][][][][][][][][][][][][][][][][][][][][][][][][][][][][][][][
][][][][][] 
 []

[97] [98] [99]) [100] (./main.bbl
bibitemlist
[101


] [102]
Underfull \hbox (badness 2165) in paragraph at lines 228--232
[]\OT1/cmr/m/n/12 X. Le-roy, D. Do-li-gez, J. Gar-rigue, D. R^^Semy, and J. Vou
illon.  The Ob-
 []


Underfull \hbox (badness 1383) in paragraph at lines 228--232
\OT1/cmr/m/n/12 jec-tive Caml sys-tem re-lease 3.00 -- Do-cu-men-ta-tion and us
er's ma-nual, 2000.
 []


Underfull \hbox (badness 10000) in paragraph at lines 239--241
[]\OT1/cmr/m/n/12 Rewriting and ap-proxi-ma-tions for java ap-pli-ca-tions ve-r
i-fi-ca-tion.
 []

[103]) [104]
\openout2 = `resume/resume.aux'.

 (./resume/resume.tex) [105

]
<LastPage.png, id=1725, 597.432pt x 845.0772pt>
File: LastPage.png Graphic file (type png)
 <use LastPage.png>
Overfull \hbox (247.98543pt too wide) in paragraph at lines 127--130
[]$[]$ 
 []


Underfull \vbox (badness 10000) has occurred while \output is active []

 [106

]
Overfull \vbox (93.29263pt too high) has occurred while \output is active []


[107 <./LastPage.png (PNG copy)>]
\tf@toc=\write7
\openout7 = `main.toc'.

Package atveryend Info: Empty hook `BeforeClearDocument' on input line 131.
Package atveryend Info: Empty hook `AfterLastShipout' on input line 131.
 (./main.aux (./1_intro/1_intro.aux)
(./2_prerequis/2_prerequis.aux) (./4_contre_ex/4_contre_ex.aux)
(./3_proptemp/3_proptemp.aux) (./5_certif/5_certif.aux) (./resume/resume.aux))
Package atveryend Info: Executing hook `AtVeryEndDocument' on input line 131.
Package rerunfilecheck Info: File `main.out' has not changed.
(rerunfilecheck)             Checksum: 99930689049BC9E7935E6F172D8A83B3;3497.
 ) 
Here is how much of TeX's memory you used:
 23982 strings out of 495008
 384016 string characters out of 3179939
 657918 words of memory out of 3000000
 25970 multiletter control sequences out of 15000+200000
 32096 words of font info for 123 fonts, out of 3000000 for 9000
 36 hyphenation exceptions out of 8191
 53i,24n,94p,743b,1927s stack positions out of 5000i,500n,10000p,200000b,50000s
{/usr/local/texlive/2009/texmf-dist/fonts/enc/dvips/base/8r.enc}</usr/local/t
exlive/2009/texmf-dist/fonts/type1/public/amsfonts/cm/cmbx10.pfb></usr/local/te
xlive/2009/texmf-dist/fonts/type1/public/amsfonts/cm/cmbx12.pfb></usr/local/tex
live/2009/texmf-dist/fonts/type1/public/amsfonts/cm/cmbx8.pfb></usr/local/texli
ve/2009/texmf-dist/fonts/type1/public/amsfonts/cm/cmbx9.pfb></usr/local/texlive
/2009/texmf-dist/fonts/type1/public/amsfonts/cm/cmbxti10.pfb></usr/local/texliv
e/2009/texmf-dist/fonts/type1/public/amsfonts/cm/cmcsc10.pfb></usr/local/texliv
e/2009/texmf-dist/fonts/type1/public/amsfonts/cm/cmex10.pfb></usr/local/texlive
/2009/texmf-dist/fonts/type1/public/amsfonts/cmextra/cmex8.pfb></usr/local/texl
ive/2009/texmf-dist/fonts/type1/public/amsfonts/cm/cmmi10.pfb></usr/local/texli
ve/2009/texmf-dist/fonts/type1/public/amsfonts/cm/cmmi12.pfb></usr/local/texliv
e/2009/texmf-dist/fonts/type1/public/amsfonts/cm/cmmi5.pfb></usr/local/texlive/
2009/texmf-dist/fonts/type1/public/amsfonts/cm/cmmi6.pfb></usr/local/texlive/20
09/texmf-dist/fonts/type1/public/amsfonts/cm/cmmi7.pfb></usr/local/texlive/2009
/texmf-dist/fonts/type1/public/amsfonts/cm/cmmi8.pfb></usr/local/texlive/2009/t
exmf-dist/fonts/type1/public/amsfonts/cm/cmmi9.pfb></usr/local/texlive/2009/tex
mf-dist/fonts/type1/public/amsfonts/cm/cmr10.pfb></usr/local/texlive/2009/texmf
-dist/fonts/type1/public/amsfonts/cm/cmr12.pfb></usr/local/texlive/2009/texmf-d
ist/fonts/type1/public/amsfonts/cm/cmr17.pfb></usr/local/texlive/2009/texmf-dis
t/fonts/type1/public/amsfonts/cm/cmr5.pfb></usr/local/texlive/2009/texmf-dist/f
onts/type1/public/amsfonts/cm/cmr6.pfb></usr/local/texlive/2009/texmf-dist/font
s/type1/public/amsfonts/cm/cmr7.pfb></usr/local/texlive/2009/texmf-dist/fonts/t
ype1/public/amsfonts/cm/cmr8.pfb></usr/local/texlive/2009/texmf-dist/fonts/type
1/public/amsfonts/cm/cmr9.pfb></usr/local/texlive/2009/texmf-dist/fonts/type1/p
ublic/amsfonts/cm/cmss12.pfb></usr/local/texlive/2009/texmf-dist/fonts/type1/pu
blic/amsfonts/cm/cmsy10.pfb></usr/local/texlive/2009/texmf-dist/fonts/type1/pub
lic/amsfonts/cm/cmsy6.pfb></usr/local/texlive/2009/texmf-dist/fonts/type1/publi
c/amsfonts/cm/cmsy7.pfb></usr/local/texlive/2009/texmf-dist/fonts/type1/public/
amsfonts/cm/cmsy8.pfb></usr/local/texlive/2009/texmf-dist/fonts/type1/public/am
sfonts/cm/cmsy9.pfb></usr/local/texlive/2009/texmf-dist/fonts/type1/public/amsf
onts/cm/cmti10.pfb></usr/local/texlive/2009/texmf-dist/fonts/type1/public/amsfo
nts/cm/cmti12.pfb></usr/local/texlive/2009/texmf-dist/fonts/type1/public/amsfon
ts/cm/cmti7.pfb></usr/local/texlive/2009/texmf-dist/fonts/type1/public/amsfonts
/cm/cmti8.pfb></usr/local/texlive/2009/texmf-dist/fonts/type1/public/amsfonts/c
m/cmtt10.pfb></usr/local/texlive/2009/texmf-dist/fonts/type1/public/amsfonts/cm
/cmtt12.pfb></usr/local/texlive/2009/texmf-dist/fonts/type1/public/amsfonts/cm/
cmtt8.pfb></usr/local/texlive/2009/texmf-dist/fonts/type1/public/amsfonts/euler
/eurm10.pfb></usr/local/texlive/2009/texmf-dist/fonts/type1/public/amsfonts/sym
bols/msam10.pfb></usr/local/texlive/2009/texmf-dist/fonts/type1/public/amsfonts
/symbols/msbm10.pfb></usr/local/texlive/2009/texmf-dist/fonts/type1/urw/courier
/ucrb8a.pfb></usr/local/texlive/2009/texmf-dist/fonts/type1/urw/courier/ucrr8a.
pfb></usr/local/texlive/2009/texmf-dist/fonts/type1/urw/courier/ucrro8a.pfb></u
sr/local/texlive/2009/texmf-dist/fonts/type1/public/xypic/xyatip10.pfb></usr/lo
cal/texlive/2009/texmf-dist/fonts/type1/public/xypic/xybtip10.pfb></usr/local/t
exlive/2009/texmf-dist/fonts/type1/public/xypic/xydash10.pfb>
Output written on main.pdf (113 pages, 2041216 bytes).
PDF statistics:
 1989 PDF objects out of 2073 (max. 8388607)
 650 named destinations out of 1000 (max. 500000)
 424 words of extra memory for PDF output out of 10000 (max. 10000000)

